Start testing: Apr 17 03:38 UTC
----------------------------------------------------------
1/1 Testing: nas-common-error-test
1/1 Test: nas-common-error-test
Command: "/home/runner/work/nas-open/nas-open/build/debug-no-vcpkg/components/nas-common/nas-common-error-test"
Directory: /home/runner/work/nas-open/nas-open/build/debug-no-vcpkg/components/nas-common
"nas-common-error-test" start time: Apr 17 03:38 UTC
Output:
----------------------------------------------------------
<end of output>
Test time =   0.00 sec
----------------------------------------------------------
Test Passed.
"nas-common-error-test" end time: Apr 17 03:38 UTC
"nas-common-error-test" time elapsed: 00:00:00
----------------------------------------------------------

End testing: Apr 17 03:38 UTC
